<?xml version="1.0" encoding="UTF-8"?>
<!-- Generated by org.testng.reporters.JUnitXMLReporter -->
<testsuite ignored="0" hostname="shaktiman" failures="0" tests="3" name="EdgeTest" time="16.269" errors="0" timestamp="2026-07-10T18:06:48 IST">
  <testcase classname="testngTests2.XmlParameterTesting" name="testLogo" time="0.15"/>
  <testcase classname="testngTests2.XmlParameterTesting" name="testTitle" time="0.037"/>
  <testcase classname="testngTests2.XmlParameterTesting" name="testUrl" time="0.017"/>
</testsuite> <!-- EdgeTest -->
