<?xml version="1.0" encoding="UTF-8"?>
<!-- Generated by org.testng.reporters.JUnitXMLReporter -->
<testsuite ignored="0" hostname="shaktiman" failures="0" tests="3" name="firefoxTest" time="119.932" errors="0" timestamp="2026-07-10T18:08:32 IST">
  <testcase classname="testngTests2.XmlParameterTesting" name="testLogo" time="0.152"/>
  <testcase classname="testngTests2.XmlParameterTesting" name="testTitle" time="0.046"/>
  <testcase classname="testngTests2.XmlParameterTesting" name="testUrl" time="0.012"/>
</testsuite> <!-- firefoxTest -->
