<?xml version="1.0" encoding="UTF-8"?>
<!-- Generated by org.testng.reporters.JUnitXMLReporter -->
<testsuite ignored="0" hostname="shaktiman" failures="2" tests="3" name="goupingTest" time="22.681" errors="0" timestamp="2026-07-14T15:19:28 IST">
  <testcase classname="testngTests2.ListenersTestOrangeHrm" name="testLogo" time="12.412">
    <failure type="java.lang.AssertionError" message="expected [true] but found [false]">
      <![CDATA[java.lang.AssertionError: expected [true] but found [false]
at testngTests2.ListenersTestOrangeHrm.testLogo(ListenersTestOrangeHrm.java:31)
at java.base/java.util.ArrayList.forEach(ArrayList.java:1511)
... Removed 33 stack frames]]>
    </failure>
  </testcase> <!-- testLogo -->
  <testcase classname="testngTests2.ListenersTestOrangeHrm" name="testAppUrl" time="0.042">
    <failure type="java.lang.AssertionError" message="expected [https://opensource-demo.orangehrmlive.com/] but found [https://opensource-demo.orangehrmlive.com/web/index.php/auth/login]">
      <![CDATA[java.lang.AssertionError: expected [https://opensource-demo.orangehrmlive.com/] but found [https://opensource-demo.orangehrmlive.com/web/index.php/auth/login]
at testngTests2.ListenersTestOrangeHrm.testAppUrl(ListenersTestOrangeHrm.java:36)
at java.base/java.util.ArrayList.forEach(ArrayList.java:1511)
... Removed 33 stack frames]]>
    </failure>
  </testcase> <!-- testAppUrl -->
  <testcase classname="testngTests2.ListenersTestOrangeHrm" name="ItestHomePageTitle" time="0.0">
    <skipped/>
  </testcase> <!-- ItestHomePageTitle -->
</testsuite> <!-- goupingTest -->
