<?xml version="1.0" encoding="UTF-8"?>
<!-- Generated by org.testng.reporters.JUnitXMLReporter -->
<testsuite ignored="6" hostname="shaktiman" failures="0" tests="2" name="goupingTest" time="0.055" errors="0" timestamp="2026-07-10T15:19:44 IST">
  <testcase classname="testngTests2.PaymentTests" name="paymentByRupee" time="0.009"/>
  <testcase classname="testngTests2.PaymentTests" name="paymentByDollar" time="0.001"/>
  <testcase classname="testngTests2.SignupTests" name="signupByFacebook" time="0.0">
    <ignored/>
  </testcase> <!-- signupByFacebook -->
  <testcase classname="testngTests2.SignupTests" name="signupByEmail" time="0.0">
    <ignored/>
  </testcase> <!-- signupByEmail -->
  <testcase classname="testngTests2.LoginTests" name="loginByFacebook" time="0.0">
    <ignored/>
  </testcase> <!-- loginByFacebook -->
  <testcase classname="testngTests2.SignupTests" name="signupByTwitter" time="0.0">
    <ignored/>
  </testcase> <!-- signupByTwitter -->
  <testcase classname="testngTests2.LoginTests" name="loginByEmail" time="0.0">
    <ignored/>
  </testcase> <!-- loginByEmail -->
  <testcase classname="testngTests2.LoginTests" name="loginByTwitter" time="0.0">
    <ignored/>
  </testcase> <!-- loginByTwitter -->
</testsuite> <!-- goupingTest -->
