<?xml version="1.0" encoding="UTF-8"?>
<!-- Generated by org.testng.reporters.JUnitXMLReporter -->
<testsuite ignored="0" hostname="shaktiman" failures="0" tests="4" name="Test" time="67.775" errors="0" timestamp="2026-07-10T11:54:38 IST">
  <testcase classname="testngTests.OrangeHRMTest" name="openapp" time="61.987"/>
  <testcase classname="testngTests.OrangeHRMTest" name="testLogo" time="4.113"/>
  <testcase classname="testngTests.OrangeHRMTest" name="testLogin" time="0.932"/>
  <testcase classname="testngTests.OrangeHRMTest" name="closeapp" time="0.527"/>
</testsuite> <!-- Test -->
