<?xml version="1.0" encoding="UTF-8"?>
<testng-results ignored="6" total="8" passed="2" failed="0" skipped="0">
  <reporter-output>
  </reporter-output>
  <suite started-at="2026-07-10T15:19:44 IST" name="Suite" finished-at="2026-07-10T15:19:44 IST" duration-ms="55">
    <groups>
      <group name="functional">
        <method signature="PaymentTests.paymentByDollar()[pri:2, instance:testngTests2.PaymentTests@6e4784bc]" name="paymentByDollar" class="testngTests2.PaymentTests"/>
        <method signature="PaymentTests.paymentByRupee()[pri:1, instance:testngTests2.PaymentTests@6e4784bc]" name="paymentByRupee" class="testngTests2.PaymentTests"/>
      </group> <!-- functional -->
      <group name="regression">
        <method signature="PaymentTests.paymentByDollar()[pri:2, instance:testngTests2.PaymentTests@6e4784bc]" name="paymentByDollar" class="testngTests2.PaymentTests"/>
        <method signature="PaymentTests.paymentByRupee()[pri:1, instance:testngTests2.PaymentTests@6e4784bc]" name="paymentByRupee" class="testngTests2.PaymentTests"/>
      </group> <!-- regression -->
      <group name="sanity">
        <method signature="PaymentTests.paymentByDollar()[pri:2, instance:testngTests2.PaymentTests@6e4784bc]" name="paymentByDollar" class="testngTests2.PaymentTests"/>
        <method signature="PaymentTests.paymentByRupee()[pri:1, instance:testngTests2.PaymentTests@6e4784bc]" name="paymentByRupee" class="testngTests2.PaymentTests"/>
      </group> <!-- sanity -->
    </groups>
    <test started-at="2026-07-10T15:19:44 IST" name="goupingTest" finished-at="2026-07-10T15:19:44 IST" duration-ms="55">
      <class name="testngTests2.PaymentTests">
        <test-method signature="paymentByRupee()[pri:1, instance:testngTests2.PaymentTests@6e4784bc]" started-at="2026-07-10T15:19:44 IST" name="paymentByRupee" finished-at="2026-07-10T15:19:44 IST" duration-ms="9" status="PASS">
          <reporter-output>
          </reporter-output>
        </test-method> <!-- paymentByRupee -->
        <test-method signature="paymentByDollar()[pri:2, instance:testngTests2.PaymentTests@6e4784bc]" started-at="2026-07-10T15:19:44 IST" name="paymentByDollar" finished-at="2026-07-10T15:19:44 IST" duration-ms="1" status="PASS">
          <reporter-output>
          </reporter-output>
        </test-method> <!-- paymentByDollar -->
      </class> <!-- testngTests2.PaymentTests -->
    </test> <!-- goupingTest -->
  </suite> <!-- Suite -->
</testng-results>
