<?xml version="1.0" encoding="UTF-8"?>
<!-- Generated by org.testng.reporters.JUnitReportReporter -->
<testsuite hostname="shaktiman" failures="0" tests="2" name="testngTests2.PaymentTests" time="0.010" errors="0" timestamp="2026-07-10T15:19:44 IST" skipped="0">
  <testcase classname="testngTests2.PaymentTests" name="paymentByRupee" time="0.009"/>
  <system-out/>
  <testcase classname="testngTests2.PaymentTests" name="paymentByDollar" time="0.001"/>
  <system-out/>
</testsuite> <!-- testngTests2.PaymentTests -->
