<?xml version="1.0" encoding="UTF-8"?>
<!-- Generated by org.testng.reporters.JUnitReportReporter -->
<testsuite hostname="shaktiman" failures="0" tests="2" name="testngTests.CombinedAllAnnotations" time="0.011" errors="0" timestamp="2026-07-10T13:12:58 IST" skipped="0">
  <testcase classname="testngTests.CombinedAllAnnotations" name="tm2" time="0.002"/>
  <system-out/>
  <testcase classname="testngTests.CombinedAllAnnotations" name="tm1" time="0.009"/>
  <system-out/>
</testsuite> <!-- testngTests.CombinedAllAnnotations -->
