<?xml version="1.0" encoding="UTF-8"?>
<!-- Generated by org.testng.reporters.JUnitReportReporter -->
<testsuite hostname="shaktiman" failures="0" tests="3" name="testngTests.SampleEg" time="0.021" errors="0" timestamp="2026-07-10T11:33:31 IST" skipped="0">
  <testcase classname="testngTests.SampleEg" name="openapp" time="0.016"/>
  <system-out/>
  <testcase classname="testngTests.SampleEg" name="login" time="0.003"/>
  <system-out/>
  <testcase classname="testngTests.SampleEg" name="logout" time="0.002"/>
  <system-out/>
</testsuite> <!-- testngTests.SampleEg -->
