<?xml version="1.0" encoding="UTF-8"?>
<!-- Generated by org.testng.reporters.JUnitReportReporter -->
<testsuite hostname="shaktiman" failures="0" tests="3" name="testngTests2.LoginTests" time="0.022" errors="0" timestamp="2026-07-10T15:17:37 IST" skipped="0">
  <testcase classname="testngTests2.LoginTests" name="loginByEmail" time="0.011"/>
  <system-out/>
  <testcase classname="testngTests2.LoginTests" name="loginByFacebook" time="0.010"/>
  <system-out/>
  <testcase classname="testngTests2.LoginTests" name="loginByTwitter" time="0.001"/>
  <system-out/>
</testsuite> <!-- testngTests2.LoginTests -->
