<?xml version="1.0" encoding="UTF-8"?>
<!-- Generated by org.testng.reporters.JUnitReportReporter -->
<testsuite hostname="shaktiman" failures="0" tests="2" name="testngTests.AnnotationsDemo2" time="0.016" errors="0" timestamp="2026-07-10T12:34:38 IST" skipped="0">
  <testcase classname="testngTests.AnnotationsDemo2" name="search" time="0.006"/>
  <system-out/>
  <testcase classname="testngTests.AnnotationsDemo2" name="advSearch" time="0.010"/>
  <system-out/>
</testsuite> <!-- testngTests.AnnotationsDemo2 -->
