<?xml version="1.0" encoding="UTF-8"?>
<!-- Generated by org.testng.reporters.JUnitReportReporter -->
<testsuite hostname="shaktiman" failures="0" tests="9" name="testngTests2.XmlParameterTesting" time="0.545" errors="0" timestamp="2026-07-10T18:08:32 IST" skipped="0">
  <testcase classname="testngTests2.XmlParameterTesting" name="testLogo" time="0.081"/>
  <system-out/>
  <testcase classname="testngTests2.XmlParameterTesting" name="testLogo" time="0.150"/>
  <system-out/>
  <testcase classname="testngTests2.XmlParameterTesting" name="testLogo" time="0.152"/>
  <system-out/>
  <testcase classname="testngTests2.XmlParameterTesting" name="testTitle" time="0.046"/>
  <system-out/>
  <testcase classname="testngTests2.XmlParameterTesting" name="testTitle" time="0.037"/>
  <system-out/>
  <testcase classname="testngTests2.XmlParameterTesting" name="testTitle" time="0.018"/>
  <system-out/>
  <testcase classname="testngTests2.XmlParameterTesting" name="testUrl" time="0.012"/>
  <system-out/>
  <testcase classname="testngTests2.XmlParameterTesting" name="testUrl" time="0.032"/>
  <system-out/>
  <testcase classname="testngTests2.XmlParameterTesting" name="testUrl" time="0.017"/>
  <system-out/>
</testsuite> <!-- testngTests2.XmlParameterTesting -->
