<?xml version="1.0" encoding="UTF-8"?>
<!-- Generated by org.testng.reporters.JUnitReportReporter -->
<testsuite hostname="shaktiman" failures="0" tests="2" name="parameterGrouping.PaymentTests" time="0.020" errors="0" timestamp="2026-07-15T11:41:16 IST" skipped="0">
  <testcase classname="parameterGrouping.PaymentTests" name="paymentByRupee" time="0.009"/>
  <system-out/>
  <testcase classname="parameterGrouping.PaymentTests" name="paymentByDollar" time="0.011"/>
  <system-out/>
</testsuite> <!-- parameterGrouping.PaymentTests -->
