<?xml version="1.0" encoding="UTF-8"?>
<!-- Generated by org.testng.reporters.JUnitReportReporter -->
<testsuite hostname="shaktiman" failures="0" tests="4" name="testngTests.OrangeHRMTest" time="67.559" errors="0" timestamp="2026-07-10T11:54:38 IST" skipped="0">
  <testcase classname="testngTests.OrangeHRMTest" name="openapp" time="61.987"/>
  <system-out/>
  <testcase classname="testngTests.OrangeHRMTest" name="testLogo" time="4.113"/>
  <system-out/>
  <testcase classname="testngTests.OrangeHRMTest" name="testLogin" time="0.932"/>
  <system-out/>
  <testcase classname="testngTests.OrangeHRMTest" name="closeapp" time="0.527"/>
  <system-out/>
</testsuite> <!-- testngTests.OrangeHRMTest -->
