<?xml version="1.0" encoding="UTF-8"?>
<!-- Generated by org.testng.reporters.JUnitReportReporter -->
<testsuite hostname="shaktiman" failures="0" tests="3" name="testngTests2.SignupTests" time="0.005" errors="0" timestamp="2026-07-10T15:14:24 IST" skipped="0">
  <testcase classname="testngTests2.SignupTests" name="signupByEmail" time="0.003"/>
  <system-out/>
  <testcase classname="testngTests2.SignupTests" name="signupByFacebook" time="0.001"/>
  <system-out/>
  <testcase classname="testngTests2.SignupTests" name="signupByTwitter" time="0.001"/>
  <system-out/>
</testsuite> <!-- testngTests2.SignupTests -->
